Copyright 1986-2020 Xilinx, Inc. All Rights Reserved.
-------------------------------------------------------------------------------------------
| Tool Version : Vivado v.2020.2 (lin64) Build 3064766 Wed Nov 18 09:12:47 MST 2020
| Date         : Sun May  4 16:19:34 2025
| Host         : bubbles running 64-bit Ubuntu 24.04.1 LTS
| Command      : report_control_sets -verbose -file VendingMachine_control_sets_placed.rpt
| Design       : VendingMachine
| Device       : xc7a100t
-------------------------------------------------------------------------------------------

Control Set Information

Table of Contents
-----------------
1. Summary
2. Histogram
3. Flip-Flop Distribution
4. Detailed Control Set Information

1. Summary
----------

+----------------------------------------------------------+-------+
|                          Status                          | Count |
+----------------------------------------------------------+-------+
| Total control sets                                       |     7 |
|    Minimum number of control sets                        |     7 |
|    Addition due to synthesis replication                 |     0 |
|    Addition due to physical synthesis replication        |     0 |
| Unused register locations in slices containing registers |    36 |
+----------------------------------------------------------+-------+
* Control sets can be merged at opt_design using control_set_merge or merge_equivalent_drivers
** Run report_qor_suggestions for automated merging and remapping suggestions


2. Histogram
------------

+--------------------+-------+
|       Fanout       | Count |
+--------------------+-------+
| Total control sets |     7 |
| >= 0 to < 4        |     4 |
| >= 4 to < 6        |     0 |
| >= 6 to < 8        |     1 |
| >= 8 to < 10       |     0 |
| >= 10 to < 12      |     1 |
| >= 12 to < 14      |     0 |
| >= 14 to < 16      |     0 |
| >= 16              |     1 |
+--------------------+-------+
* Control sets can be remapped at either synth_design or opt_design


3. Flip-Flop Distribution
-------------------------

+--------------+-----------------------+------------------------+-----------------+--------------+
| Clock Enable | Synchronous Set/Reset | Asynchronous Set/Reset | Total Registers | Total Slices |
+--------------+-----------------------+------------------------+-----------------+--------------+
| No           | No                    | No                     |               8 |            4 |
| No           | No                    | Yes                    |               0 |            0 |
| No           | Yes                   | No                     |              31 |            8 |
| Yes          | No                    | No                     |               0 |            0 |
| Yes          | No                    | Yes                    |              13 |            5 |
| Yes          | Yes                   | No                     |               0 |            0 |
+--------------+-----------------------+------------------------+-----------------+--------------+


4. Detailed Control Set Information
-----------------------------------

+-------------------------+-----------------------------+---------------------+------------------+----------------+--------------+
|       Clock Signal      |        Enable Signal        |   Set/Reset Signal  | Slice Load Count | Bel Load Count | Bels / Slice |
+-------------------------+-----------------------------+---------------------+------------------+----------------+--------------+
|  freqDiv/Clock_2ms      | candy_latch                 | Reset_IBUF          |                1 |              1 |         1.00 |
|  freqDiv/Clock_2ms      | dime_latch                  | Reset_IBUF          |                1 |              1 |         1.00 |
|  freqDiv/Clock_2ms      | nickel_latch                | Reset_IBUF          |                1 |              1 |         1.00 |
|  Clock_System_IBUF_BUFG |                             |                     |                2 |              2 |         1.00 |
|  freqDiv/Clock_2ms      |                             |                     |                2 |              6 |         3.00 |
|  freqDiv/Clock_2ms      | FSM_onehot_state[9]_i_1_n_0 | Reset_IBUF          |                2 |             10 |         5.00 |
|  Clock_System_IBUF_BUFG |                             | freqDiv/Clock_2ms_0 |                8 |             31 |         3.88 |
+-------------------------+-----------------------------+---------------------+------------------+----------------+--------------+


